<?xml version="1.0" encoding="UTF-8"?><testsuite errors="1" failures="0" name="Buscar y agregar productos al carrito" skipped="0" tests="2" time="174.71" timestamp="2022-09-23 07:50:02"><testcase name="Cargar al carrito de compra un producto encontrado a traves de busqueda con nombre del articulo"/><testcase name="Error al Cargar al carrito de compra un producto encontrado a traves de busqueda con nombre del articulo"><error message="no such element: Unable to locate element: {&quot;method&quot;:&quot;xpath&quot;,&quot;selector&quot;:&quot;//input[@aria-labelledby='exportAlternativeTriggerButton-announceError']&quot;}&#10;  (Session info: chrome=105.0.5195.127)&#10;For documentation on this error, please visit: https://www.seleniumhq.org/exceptions/no_such_element.html&#10;Build info: version: '3.141.59', revision: 'e82be7d358', time: '2018-11-14T08:17:03'&#10;System info: host: 'DESKTOP-2JG74F8', ip: '192.168.101.7', os.name: 'Windows 10', os.arch: 'amd64', os.version: '10.0', java.version: '1.8.0_131'&#10;Driver info: org.openqa.selenium.chrome.ChromeDriver&#10;Capabilities {acceptInsecureCerts: false, browserName: chrome, browserVersion: 105.0.5195.127, chrome: {chromedriverVersion: 105.0.5195.52 (412c95e51883..., userDataDir: C:\Users\G\AppData\Local\Te...}, goog:chromeOptions: {debuggerAddress: localhost:62291}, javascriptEnabled: true, networkConnectionEnabled: false, pageLoadStrategy: normal, platform: WINDOWS, platformName: WINDOWS, proxy: Proxy(), setWindowRect: true, strictFileInteractability: false, timeouts: {implicit: 0, pageLoad: 300000, script: 30000}, unhandledPromptBehavior: dismiss and notify, webauthn:extension:credBlob: true, webauthn:extension:largeBlob: true, webauthn:virtualAuthenticators: true}&#10;Session ID: 3b7878a52557b56d476d9ca79a5217f4&#10;*** Element info: {Using=xpath, value=//input[@aria-labelledby='exportAlternativeTriggerButton-announceError']}&#10;For documentation on this error, please visit: https://www.seleniumhq.org/exceptions/no_such_element.html&#10;Build info: version: '3.141.59', revision: 'e82be7d358', time: '2018-11-14T08:17:03'&#10;System info: host: 'DESKTOP-2JG74F8', ip: '192.168.101.7', os.name: 'Windows 10', os.arch: 'amd64', os.version: '10.0', java.version: '1.8.0_131'&#10;Driver info: driver.version: unknown" type="org.openqa.selenium.NoSuchElementException">no such element: Unable to locate element: {"method":"xpath","selector":"//input[@aria-labelledby='exportAlternativeTriggerButton-announceError']"}
  (Session info: chrome=105.0.5195.127)
For documentation on this error, please visit: https://www.seleniumhq.org/exceptions/no_such_element.html
Build info: version: '3.141.59', revision: 'e82be7d358', time: '2018-11-14T08:17:03'
System info: host: 'DESKTOP-2JG74F8', ip: '192.168.101.7', os.name: 'Windows 10', os.arch: 'amd64', os.version: '10.0', java.version: '1.8.0_131'
Driver info: org.openqa.selenium.chrome.ChromeDriver
Capabilities {acceptInsecureCerts: false, browserName: chrome, browserVersion: 105.0.5195.127, chrome: {chromedriverVersion: 105.0.5195.52 (412c95e51883..., userDataDir: C:\Users\G\AppData\Local\Te...}, goog:chromeOptions: {debuggerAddress: localhost:62291}, javascriptEnabled: true, networkConnectionEnabled: false, pageLoadStrategy: normal, platform: WINDOWS, platformName: WINDOWS, proxy: Proxy(), setWindowRect: true, strictFileInteractability: false, timeouts: {implicit: 0, pageLoad: 300000, script: 30000}, unhandledPromptBehavior: dismiss and notify, webauthn:extension:credBlob: true, webauthn:extension:largeBlob: true, webauthn:virtualAuthenticators: true}
Session ID: 3b7878a52557b56d476d9ca79a5217f4
*** Element info: {Using=xpath, value=//input[@aria-labelledby='exportAlternativeTriggerButton-announceError']}
For documentation on this error, please visit: https://www.seleniumhq.org/exceptions/no_such_element.html
Build info: version: '3.141.59', revision: 'e82be7d358', time: '2018-11-14T08:17:03'
System info: host: 'DESKTOP-2JG74F8', ip: '192.168.101.7', os.name: 'Windows 10', os.arch: 'amd64', os.version: '10.0', java.version: '1.8.0_131'
Driver info: driver.version: unknown</error><system-err>no such element: Unable to locate element: {"method":"xpath","selector":"//input[@aria-labelledby='exportAlternativeTriggerButton-announceError']"}
  (Session info: chrome=105.0.5195.127)
For documentation on this error, please visit: https://www.seleniumhq.org/exceptions/no_such_element.html
Build info: version: '3.141.59', revision: 'e82be7d358', time: '2018-11-14T08:17:03'
System info: host: 'DESKTOP-2JG74F8', ip: '192.168.101.7', os.name: 'Windows 10', os.arch: 'amd64', os.version: '10.0', java.version: '1.8.0_131'
Driver info: org.openqa.selenium.chrome.ChromeDriver
Capabilities {acceptInsecureCerts: false, browserName: chrome, browserVersion: 105.0.5195.127, chrome: {chromedriverVersion: 105.0.5195.52 (412c95e51883..., userDataDir: C:\Users\G\AppData\Local\Te...}, goog:chromeOptions: {debuggerAddress: localhost:62291}, javascriptEnabled: true, networkConnectionEnabled: false, pageLoadStrategy: normal, platform: WINDOWS, platformName: WINDOWS, proxy: Proxy(), setWindowRect: true, strictFileInteractability: false, timeouts: {implicit: 0, pageLoad: 300000, script: 30000}, unhandledPromptBehavior: dismiss and notify, webauthn:extension:credBlob: true, webauthn:extension:largeBlob: true, webauthn:virtualAuthenticators: true}
Session ID: 3b7878a52557b56d476d9ca79a5217f4
*** Element info: {Using=xpath, value=//input[@aria-labelledby='exportAlternativeTriggerButton-announceError']}
For documentation on this error, please visit: https://www.seleniumhq.org/exceptions/no_such_element.html
Build info: version: '3.141.59', revision: 'e82be7d358', time: '2018-11-14T08:17:03'
System info: host: 'DESKTOP-2JG74F8', ip: '192.168.101.7', os.name: 'Windows 10', os.arch: 'amd64', os.version: '10.0', java.version: '1.8.0_131'
Driver info: driver.version: unknown&#13;
com.amazon.Steps.ProductoStep.clicEnElBotonCarroCompraError(ProductoStep.java:30)&#13;
com.amazon.StepDefinitions.BusquedaStepDefinitions.noEncuentraAgregaAlCarritoElTercerItemSiEstaDisponibleParaCompra(BusquedaStepDefinitions.java:65)&#13;
✽.no encuentra agrega al carrito el tercer item si esta disponible para compra.(file:///C:/Users/G/IdeaProjects/PaginaAmazon/src/test/resources/features/busqueda.feature:19)&#13;
</system-err></testcase></testsuite>